Determining if the pthread_create exist failed with the following output:
Change Dir: /home/kk9/mine_sweepers/tutorial/catkin_ws/build/turtlebot_calibration/CMakeFiles/CMakeTmp

Run Build Command:"/usr/bin/make" "cmTC_8a0d0/fast"
/usr/bin/make -f CMakeFiles/cmTC_8a0d0.dir/build.make CMakeFiles/cmTC_8a0d0.dir/build
make[1]: Entering directory '/home/kk9/mine_sweepers/tutorial/catkin_ws/build/turtlebot_calibration/CMakeFiles/CMakeTmp'
Building C object CMakeFiles/cmTC_8a0d0.dir/CheckSymbolExists.c.o
/usr/bin/cc    -o CMakeFiles/cmTC_8a0d0.dir/CheckSymbolExists.c.o   -c /home/kk9/mine_sweepers/tutorial/catkin_ws/build/turtlebot_calibration/CMakeFiles/CMakeTmp/CheckSymbolExists.c
Linking C executable cmTC_8a0d0
/usr/bin/cmake -E cmake_link_script CMakeFiles/cmTC_8a0d0.dir/link.txt --verbose=1
/usr/bin/cc      -rdynamic CMakeFiles/cmTC_8a0d0.dir/CheckSymbolExists.c.o  -o cmTC_8a0d0 
CMakeFiles/cmTC_8a0d0.dir/CheckSymbolExists.c.o: In function `main':
CheckSymbolExists.c:(.text+0x1b): undefined reference to `pthread_create'
collect2: error: ld returned 1 exit status
CMakeFiles/cmTC_8a0d0.dir/build.make:97: recipe for target 'cmTC_8a0d0' failed
make[1]: *** [cmTC_8a0d0] Error 1
make[1]: Leaving directory '/home/kk9/mine_sweepers/tutorial/catkin_ws/build/turtlebot_calibration/CMakeFiles/CMakeTmp'
Makefile:126: recipe for target 'cmTC_8a0d0/fast' failed
make: *** [cmTC_8a0d0/fast] Error 2

File /home/kk9/mine_sweepers/tutorial/catkin_ws/build/turtlebot_calibration/CMakeFiles/CMakeTmp/CheckSymbolExists.c:
/* */
#include <pthread.h>

int main(int argc, char** argv)
{
  (void)argv;
#ifndef pthread_create
  return ((int*)(&pthread_create))[argc];
#else
  (void)argc;
  return 0;
#endif
}

Determining if the function pthread_create exists in the pthreads failed with the following output:
Change Dir: /home/kk9/mine_sweepers/tutorial/catkin_ws/build/turtlebot_calibration/CMakeFiles/CMakeTmp

Run Build Command:"/usr/bin/make" "cmTC_81722/fast"
/usr/bin/make -f CMakeFiles/cmTC_81722.dir/build.make CMakeFiles/cmTC_81722.dir/build
make[1]: Entering directory '/home/kk9/mine_sweepers/tutorial/catkin_ws/build/turtlebot_calibration/CMakeFiles/CMakeTmp'
Building C object CMakeFiles/cmTC_81722.dir/CheckFunctionExists.c.o
/usr/bin/cc   -DCHECK_FUNCTION_EXISTS=pthread_create   -o CMakeFiles/cmTC_81722.dir/CheckFunctionExists.c.o   -c /usr/share/cmake-3.10/Modules/CheckFunctionExists.c
Linking C executable cmTC_81722
/usr/bin/cmake -E cmake_link_script CMakeFiles/cmTC_81722.dir/link.txt --verbose=1
/usr/bin/cc  -DCHECK_FUNCTION_EXISTS=pthread_create    -rdynamic CMakeFiles/cmTC_81722.dir/CheckFunctionExists.c.o  -o cmTC_81722 -lpthreads 
/usr/bin/ld: cannot find -lpthreads
collect2: error: ld returned 1 exit status
CMakeFiles/cmTC_81722.dir/build.make:97: recipe for target 'cmTC_81722' failed
make[1]: *** [cmTC_81722] Error 1
make[1]: Leaving directory '/home/kk9/mine_sweepers/tutorial/catkin_ws/build/turtlebot_calibration/CMakeFiles/CMakeTmp'
Makefile:126: recipe for target 'cmTC_81722/fast' failed
make: *** [cmTC_81722/fast] Error 2


