Determining if the pthread_create exist failed with the following output:
Change Dir: /home/kk9/mine_sweepers/tutorial/catkin_ws/build/gps_navigation/CMakeFiles/CMakeTmp

Run Build Command:"/usr/bin/make" "cmTC_63d89/fast"
/usr/bin/make -f CMakeFiles/cmTC_63d89.dir/build.make CMakeFiles/cmTC_63d89.dir/build
make[1]: Entering directory '/home/kk9/mine_sweepers/tutorial/catkin_ws/build/gps_navigation/CMakeFiles/CMakeTmp'
Building C object CMakeFiles/cmTC_63d89.dir/CheckSymbolExists.c.o
/usr/bin/cc    -o CMakeFiles/cmTC_63d89.dir/CheckSymbolExists.c.o   -c /home/kk9/mine_sweepers/tutorial/catkin_ws/build/gps_navigation/CMakeFiles/CMakeTmp/CheckSymbolExists.c
Linking C executable cmTC_63d89
/usr/bin/cmake -E cmake_link_script CMakeFiles/cmTC_63d89.dir/link.txt --verbose=1
/usr/bin/cc      -rdynamic CMakeFiles/cmTC_63d89.dir/CheckSymbolExists.c.o  -o cmTC_63d89 
CMakeFiles/cmTC_63d89.dir/CheckSymbolExists.c.o: In function `main':
CheckSymbolExists.c:(.text+0x1b): undefined reference to `pthread_create'
collect2: error: ld returned 1 exit status
CMakeFiles/cmTC_63d89.dir/build.make:97: recipe for target 'cmTC_63d89' failed
make[1]: *** [cmTC_63d89] Error 1
make[1]: Leaving directory '/home/kk9/mine_sweepers/tutorial/catkin_ws/build/gps_navigation/CMakeFiles/CMakeTmp'
Makefile:126: recipe for target 'cmTC_63d89/fast' failed
make: *** [cmTC_63d89/fast] Error 2

File /home/kk9/mine_sweepers/tutorial/catkin_ws/build/gps_navigation/CMakeFiles/CMakeTmp/CheckSymbolExists.c:
/* */
#include <pthread.h>

int main(int argc, char** argv)
{
  (void)argv;
#ifndef pthread_create
  return ((int*)(&pthread_create))[argc];
#else
  (void)argc;
  return 0;
#endif
}

Determining if the function pthread_create exists in the pthreads failed with the following output:
Change Dir: /home/kk9/mine_sweepers/tutorial/catkin_ws/build/gps_navigation/CMakeFiles/CMakeTmp

Run Build Command:"/usr/bin/make" "cmTC_30f20/fast"
/usr/bin/make -f CMakeFiles/cmTC_30f20.dir/build.make CMakeFiles/cmTC_30f20.dir/build
make[1]: Entering directory '/home/kk9/mine_sweepers/tutorial/catkin_ws/build/gps_navigation/CMakeFiles/CMakeTmp'
Building C object CMakeFiles/cmTC_30f20.dir/CheckFunctionExists.c.o
/usr/bin/cc   -DCHECK_FUNCTION_EXISTS=pthread_create   -o CMakeFiles/cmTC_30f20.dir/CheckFunctionExists.c.o   -c /usr/share/cmake-3.10/Modules/CheckFunctionExists.c
Linking C executable cmTC_30f20
/usr/bin/cmake -E cmake_link_script CMakeFiles/cmTC_30f20.dir/link.txt --verbose=1
/usr/bin/cc  -DCHECK_FUNCTION_EXISTS=pthread_create    -rdynamic CMakeFiles/cmTC_30f20.dir/CheckFunctionExists.c.o  -o cmTC_30f20 -lpthreads 
/usr/bin/ld: cannot find -lpthreads
collect2: error: ld returned 1 exit status
CMakeFiles/cmTC_30f20.dir/build.make:97: recipe for target 'cmTC_30f20' failed
make[1]: *** [cmTC_30f20] Error 1
make[1]: Leaving directory '/home/kk9/mine_sweepers/tutorial/catkin_ws/build/gps_navigation/CMakeFiles/CMakeTmp'
Makefile:126: recipe for target 'cmTC_30f20/fast' failed
make: *** [cmTC_30f20/fast] Error 2


