Determining if the pthread_create exist failed with the following output:
Change Dir: /home/kk9/mine_sweepers/tutorial/catkin_ws/build/turtlebot_follower/CMakeFiles/CMakeTmp

Run Build Command:"/usr/bin/make" "cmTC_643ae/fast"
/usr/bin/make -f CMakeFiles/cmTC_643ae.dir/build.make CMakeFiles/cmTC_643ae.dir/build
make[1]: Entering directory '/home/kk9/mine_sweepers/tutorial/catkin_ws/build/turtlebot_follower/CMakeFiles/CMakeTmp'
Building C object CMakeFiles/cmTC_643ae.dir/CheckSymbolExists.c.o
/usr/bin/cc    -o CMakeFiles/cmTC_643ae.dir/CheckSymbolExists.c.o   -c /home/kk9/mine_sweepers/tutorial/catkin_ws/build/turtlebot_follower/CMakeFiles/CMakeTmp/CheckSymbolExists.c
Linking C executable cmTC_643ae
/usr/bin/cmake -E cmake_link_script CMakeFiles/cmTC_643ae.dir/link.txt --verbose=1
/usr/bin/cc      -rdynamic CMakeFiles/cmTC_643ae.dir/CheckSymbolExists.c.o  -o cmTC_643ae 
CMakeFiles/cmTC_643ae.dir/CheckSymbolExists.c.o: In function `main':
CheckSymbolExists.c:(.text+0x1b): undefined reference to `pthread_create'
collect2: error: ld returned 1 exit status
CMakeFiles/cmTC_643ae.dir/build.make:97: recipe for target 'cmTC_643ae' failed
make[1]: *** [cmTC_643ae] Error 1
make[1]: Leaving directory '/home/kk9/mine_sweepers/tutorial/catkin_ws/build/turtlebot_follower/CMakeFiles/CMakeTmp'
Makefile:126: recipe for target 'cmTC_643ae/fast' failed
make: *** [cmTC_643ae/fast] Error 2

File /home/kk9/mine_sweepers/tutorial/catkin_ws/build/turtlebot_follower/CMakeFiles/CMakeTmp/CheckSymbolExists.c:
/* */
#include <pthread.h>

int main(int argc, char** argv)
{
  (void)argv;
#ifndef pthread_create
  return ((int*)(&pthread_create))[argc];
#else
  (void)argc;
  return 0;
#endif
}

Determining if the function pthread_create exists in the pthreads failed with the following output:
Change Dir: /home/kk9/mine_sweepers/tutorial/catkin_ws/build/turtlebot_follower/CMakeFiles/CMakeTmp

Run Build Command:"/usr/bin/make" "cmTC_d494a/fast"
/usr/bin/make -f CMakeFiles/cmTC_d494a.dir/build.make CMakeFiles/cmTC_d494a.dir/build
make[1]: Entering directory '/home/kk9/mine_sweepers/tutorial/catkin_ws/build/turtlebot_follower/CMakeFiles/CMakeTmp'
Building C object CMakeFiles/cmTC_d494a.dir/CheckFunctionExists.c.o
/usr/bin/cc   -DCHECK_FUNCTION_EXISTS=pthread_create   -o CMakeFiles/cmTC_d494a.dir/CheckFunctionExists.c.o   -c /usr/share/cmake-3.10/Modules/CheckFunctionExists.c
Linking C executable cmTC_d494a
/usr/bin/cmake -E cmake_link_script CMakeFiles/cmTC_d494a.dir/link.txt --verbose=1
/usr/bin/cc  -DCHECK_FUNCTION_EXISTS=pthread_create    -rdynamic CMakeFiles/cmTC_d494a.dir/CheckFunctionExists.c.o  -o cmTC_d494a -lpthreads 
/usr/bin/ld: cannot find -lpthreads
collect2: error: ld returned 1 exit status
CMakeFiles/cmTC_d494a.dir/build.make:97: recipe for target 'cmTC_d494a' failed
make[1]: *** [cmTC_d494a] Error 1
make[1]: Leaving directory '/home/kk9/mine_sweepers/tutorial/catkin_ws/build/turtlebot_follower/CMakeFiles/CMakeTmp'
Makefile:126: recipe for target 'cmTC_d494a/fast' failed
make: *** [cmTC_d494a/fast] Error 2


