Determining if the pthread_create exist failed with the following output:
Change Dir: /home/kk9/mine_sweepers/tutorial/catkin_ws/build/turtlebot_bringup/CMakeFiles/CMakeTmp

Run Build Command:"/usr/bin/make" "cmTC_3be78/fast"
/usr/bin/make -f CMakeFiles/cmTC_3be78.dir/build.make CMakeFiles/cmTC_3be78.dir/build
make[1]: Entering directory '/home/kk9/mine_sweepers/tutorial/catkin_ws/build/turtlebot_bringup/CMakeFiles/CMakeTmp'
Building C object CMakeFiles/cmTC_3be78.dir/CheckSymbolExists.c.o
/usr/bin/cc    -o CMakeFiles/cmTC_3be78.dir/CheckSymbolExists.c.o   -c /home/kk9/mine_sweepers/tutorial/catkin_ws/build/turtlebot_bringup/CMakeFiles/CMakeTmp/CheckSymbolExists.c
Linking C executable cmTC_3be78
/usr/bin/cmake -E cmake_link_script CMakeFiles/cmTC_3be78.dir/link.txt --verbose=1
/usr/bin/cc      -rdynamic CMakeFiles/cmTC_3be78.dir/CheckSymbolExists.c.o  -o cmTC_3be78 
CMakeFiles/cmTC_3be78.dir/CheckSymbolExists.c.o: In function `main':
CheckSymbolExists.c:(.text+0x1b): undefined reference to `pthread_create'
collect2: error: ld returned 1 exit status
CMakeFiles/cmTC_3be78.dir/build.make:97: recipe for target 'cmTC_3be78' failed
make[1]: *** [cmTC_3be78] Error 1
make[1]: Leaving directory '/home/kk9/mine_sweepers/tutorial/catkin_ws/build/turtlebot_bringup/CMakeFiles/CMakeTmp'
Makefile:126: recipe for target 'cmTC_3be78/fast' failed
make: *** [cmTC_3be78/fast] Error 2

File /home/kk9/mine_sweepers/tutorial/catkin_ws/build/turtlebot_bringup/CMakeFiles/CMakeTmp/CheckSymbolExists.c:
/* */
#include <pthread.h>

int main(int argc, char** argv)
{
  (void)argv;
#ifndef pthread_create
  return ((int*)(&pthread_create))[argc];
#else
  (void)argc;
  return 0;
#endif
}

Determining if the function pthread_create exists in the pthreads failed with the following output:
Change Dir: /home/kk9/mine_sweepers/tutorial/catkin_ws/build/turtlebot_bringup/CMakeFiles/CMakeTmp

Run Build Command:"/usr/bin/make" "cmTC_ef571/fast"
/usr/bin/make -f CMakeFiles/cmTC_ef571.dir/build.make CMakeFiles/cmTC_ef571.dir/build
make[1]: Entering directory '/home/kk9/mine_sweepers/tutorial/catkin_ws/build/turtlebot_bringup/CMakeFiles/CMakeTmp'
Building C object CMakeFiles/cmTC_ef571.dir/CheckFunctionExists.c.o
/usr/bin/cc   -DCHECK_FUNCTION_EXISTS=pthread_create   -o CMakeFiles/cmTC_ef571.dir/CheckFunctionExists.c.o   -c /usr/share/cmake-3.10/Modules/CheckFunctionExists.c
Linking C executable cmTC_ef571
/usr/bin/cmake -E cmake_link_script CMakeFiles/cmTC_ef571.dir/link.txt --verbose=1
/usr/bin/cc  -DCHECK_FUNCTION_EXISTS=pthread_create    -rdynamic CMakeFiles/cmTC_ef571.dir/CheckFunctionExists.c.o  -o cmTC_ef571 -lpthreads 
/usr/bin/ld: cannot find -lpthreads
collect2: error: ld returned 1 exit status
CMakeFiles/cmTC_ef571.dir/build.make:97: recipe for target 'cmTC_ef571' failed
make[1]: *** [cmTC_ef571] Error 1
make[1]: Leaving directory '/home/kk9/mine_sweepers/tutorial/catkin_ws/build/turtlebot_bringup/CMakeFiles/CMakeTmp'
Makefile:126: recipe for target 'cmTC_ef571/fast' failed
make: *** [cmTC_ef571/fast] Error 2


