Determining if the pthread_create exist failed with the following output:
Change Dir: /home/kk9/mine_sweepers/tutorial/simulation_ws/build/jackal_gazebo/CMakeFiles/CMakeTmp

Run Build Command:"/usr/bin/make" "cmTC_d724b/fast"
/usr/bin/make -f CMakeFiles/cmTC_d724b.dir/build.make CMakeFiles/cmTC_d724b.dir/build
make[1]: Entering directory '/home/kk9/mine_sweepers/tutorial/simulation_ws/build/jackal_gazebo/CMakeFiles/CMakeTmp'
Building C object CMakeFiles/cmTC_d724b.dir/CheckSymbolExists.c.o
/usr/bin/cc    -o CMakeFiles/cmTC_d724b.dir/CheckSymbolExists.c.o   -c /home/kk9/mine_sweepers/tutorial/simulation_ws/build/jackal_gazebo/CMakeFiles/CMakeTmp/CheckSymbolExists.c
Linking C executable cmTC_d724b
/usr/bin/cmake -E cmake_link_script CMakeFiles/cmTC_d724b.dir/link.txt --verbose=1
/usr/bin/cc      -rdynamic CMakeFiles/cmTC_d724b.dir/CheckSymbolExists.c.o  -o cmTC_d724b 
CMakeFiles/cmTC_d724b.dir/CheckSymbolExists.c.o: In function `main':
CheckSymbolExists.c:(.text+0x1b): undefined reference to `pthread_create'
collect2: error: ld returned 1 exit status
CMakeFiles/cmTC_d724b.dir/build.make:97: recipe for target 'cmTC_d724b' failed
make[1]: *** [cmTC_d724b] Error 1
make[1]: Leaving directory '/home/kk9/mine_sweepers/tutorial/simulation_ws/build/jackal_gazebo/CMakeFiles/CMakeTmp'
Makefile:126: recipe for target 'cmTC_d724b/fast' failed
make: *** [cmTC_d724b/fast] Error 2

File /home/kk9/mine_sweepers/tutorial/simulation_ws/build/jackal_gazebo/CMakeFiles/CMakeTmp/CheckSymbolExists.c:
/* */
#include <pthread.h>

int main(int argc, char** argv)
{
  (void)argv;
#ifndef pthread_create
  return ((int*)(&pthread_create))[argc];
#else
  (void)argc;
  return 0;
#endif
}

Determining if the function pthread_create exists in the pthreads failed with the following output:
Change Dir: /home/kk9/mine_sweepers/tutorial/simulation_ws/build/jackal_gazebo/CMakeFiles/CMakeTmp

Run Build Command:"/usr/bin/make" "cmTC_1a0be/fast"
/usr/bin/make -f CMakeFiles/cmTC_1a0be.dir/build.make CMakeFiles/cmTC_1a0be.dir/build
make[1]: Entering directory '/home/kk9/mine_sweepers/tutorial/simulation_ws/build/jackal_gazebo/CMakeFiles/CMakeTmp'
Building C object CMakeFiles/cmTC_1a0be.dir/CheckFunctionExists.c.o
/usr/bin/cc   -DCHECK_FUNCTION_EXISTS=pthread_create   -o CMakeFiles/cmTC_1a0be.dir/CheckFunctionExists.c.o   -c /usr/share/cmake-3.10/Modules/CheckFunctionExists.c
Linking C executable cmTC_1a0be
/usr/bin/cmake -E cmake_link_script CMakeFiles/cmTC_1a0be.dir/link.txt --verbose=1
/usr/bin/cc  -DCHECK_FUNCTION_EXISTS=pthread_create    -rdynamic CMakeFiles/cmTC_1a0be.dir/CheckFunctionExists.c.o  -o cmTC_1a0be -lpthreads 
/usr/bin/ld: cannot find -lpthreads
collect2: error: ld returned 1 exit status
CMakeFiles/cmTC_1a0be.dir/build.make:97: recipe for target 'cmTC_1a0be' failed
make[1]: *** [cmTC_1a0be] Error 1
make[1]: Leaving directory '/home/kk9/mine_sweepers/tutorial/simulation_ws/build/jackal_gazebo/CMakeFiles/CMakeTmp'
Makefile:126: recipe for target 'cmTC_1a0be/fast' failed
make: *** [cmTC_1a0be/fast] Error 2


