Determining if the pthread_create exist failed with the following output:
Change Dir: /home/kk9/mine_sweepers/tutorial/catkin_ws/build/turtlebot_navigation/CMakeFiles/CMakeTmp

Run Build Command:"/usr/bin/make" "cmTC_e4bb0/fast"
/usr/bin/make -f CMakeFiles/cmTC_e4bb0.dir/build.make CMakeFiles/cmTC_e4bb0.dir/build
make[1]: Entering directory '/home/kk9/mine_sweepers/tutorial/catkin_ws/build/turtlebot_navigation/CMakeFiles/CMakeTmp'
Building C object CMakeFiles/cmTC_e4bb0.dir/CheckSymbolExists.c.o
/usr/bin/cc    -o CMakeFiles/cmTC_e4bb0.dir/CheckSymbolExists.c.o   -c /home/kk9/mine_sweepers/tutorial/catkin_ws/build/turtlebot_navigation/CMakeFiles/CMakeTmp/CheckSymbolExists.c
Linking C executable cmTC_e4bb0
/usr/bin/cmake -E cmake_link_script CMakeFiles/cmTC_e4bb0.dir/link.txt --verbose=1
/usr/bin/cc      -rdynamic CMakeFiles/cmTC_e4bb0.dir/CheckSymbolExists.c.o  -o cmTC_e4bb0 
CMakeFiles/cmTC_e4bb0.dir/CheckSymbolExists.c.o: In function `main':
CheckSymbolExists.c:(.text+0x1b): undefined reference to `pthread_create'
collect2: error: ld returned 1 exit status
CMakeFiles/cmTC_e4bb0.dir/build.make:97: recipe for target 'cmTC_e4bb0' failed
make[1]: *** [cmTC_e4bb0] Error 1
make[1]: Leaving directory '/home/kk9/mine_sweepers/tutorial/catkin_ws/build/turtlebot_navigation/CMakeFiles/CMakeTmp'
Makefile:126: recipe for target 'cmTC_e4bb0/fast' failed
make: *** [cmTC_e4bb0/fast] Error 2

File /home/kk9/mine_sweepers/tutorial/catkin_ws/build/turtlebot_navigation/CMakeFiles/CMakeTmp/CheckSymbolExists.c:
/* */
#include <pthread.h>

int main(int argc, char** argv)
{
  (void)argv;
#ifndef pthread_create
  return ((int*)(&pthread_create))[argc];
#else
  (void)argc;
  return 0;
#endif
}

Determining if the function pthread_create exists in the pthreads failed with the following output:
Change Dir: /home/kk9/mine_sweepers/tutorial/catkin_ws/build/turtlebot_navigation/CMakeFiles/CMakeTmp

Run Build Command:"/usr/bin/make" "cmTC_6800b/fast"
/usr/bin/make -f CMakeFiles/cmTC_6800b.dir/build.make CMakeFiles/cmTC_6800b.dir/build
make[1]: Entering directory '/home/kk9/mine_sweepers/tutorial/catkin_ws/build/turtlebot_navigation/CMakeFiles/CMakeTmp'
Building C object CMakeFiles/cmTC_6800b.dir/CheckFunctionExists.c.o
/usr/bin/cc   -DCHECK_FUNCTION_EXISTS=pthread_create   -o CMakeFiles/cmTC_6800b.dir/CheckFunctionExists.c.o   -c /usr/share/cmake-3.10/Modules/CheckFunctionExists.c
Linking C executable cmTC_6800b
/usr/bin/cmake -E cmake_link_script CMakeFiles/cmTC_6800b.dir/link.txt --verbose=1
/usr/bin/cc  -DCHECK_FUNCTION_EXISTS=pthread_create    -rdynamic CMakeFiles/cmTC_6800b.dir/CheckFunctionExists.c.o  -o cmTC_6800b -lpthreads 
/usr/bin/ld: cannot find -lpthreads
collect2: error: ld returned 1 exit status
CMakeFiles/cmTC_6800b.dir/build.make:97: recipe for target 'cmTC_6800b' failed
make[1]: *** [cmTC_6800b] Error 1
make[1]: Leaving directory '/home/kk9/mine_sweepers/tutorial/catkin_ws/build/turtlebot_navigation/CMakeFiles/CMakeTmp'
Makefile:126: recipe for target 'cmTC_6800b/fast' failed
make: *** [cmTC_6800b/fast] Error 2


