Determining if the pthread_create exist failed with the following output:
Change Dir: /home/kk9/mine_sweepers/tutorial/catkin_ws/build/turtlebot_capabilities/CMakeFiles/CMakeTmp

Run Build Command:"/usr/bin/make" "cmTC_6ff15/fast"
/usr/bin/make -f CMakeFiles/cmTC_6ff15.dir/build.make CMakeFiles/cmTC_6ff15.dir/build
make[1]: Entering directory '/home/kk9/mine_sweepers/tutorial/catkin_ws/build/turtlebot_capabilities/CMakeFiles/CMakeTmp'
Building C object CMakeFiles/cmTC_6ff15.dir/CheckSymbolExists.c.o
/usr/bin/cc    -o CMakeFiles/cmTC_6ff15.dir/CheckSymbolExists.c.o   -c /home/kk9/mine_sweepers/tutorial/catkin_ws/build/turtlebot_capabilities/CMakeFiles/CMakeTmp/CheckSymbolExists.c
Linking C executable cmTC_6ff15
/usr/bin/cmake -E cmake_link_script CMakeFiles/cmTC_6ff15.dir/link.txt --verbose=1
/usr/bin/cc      -rdynamic CMakeFiles/cmTC_6ff15.dir/CheckSymbolExists.c.o  -o cmTC_6ff15 
CMakeFiles/cmTC_6ff15.dir/CheckSymbolExists.c.o: In function `main':
CheckSymbolExists.c:(.text+0x1b): undefined reference to `pthread_create'
collect2: error: ld returned 1 exit status
CMakeFiles/cmTC_6ff15.dir/build.make:97: recipe for target 'cmTC_6ff15' failed
make[1]: *** [cmTC_6ff15] Error 1
make[1]: Leaving directory '/home/kk9/mine_sweepers/tutorial/catkin_ws/build/turtlebot_capabilities/CMakeFiles/CMakeTmp'
Makefile:126: recipe for target 'cmTC_6ff15/fast' failed
make: *** [cmTC_6ff15/fast] Error 2

File /home/kk9/mine_sweepers/tutorial/catkin_ws/build/turtlebot_capabilities/CMakeFiles/CMakeTmp/CheckSymbolExists.c:
/* */
#include <pthread.h>

int main(int argc, char** argv)
{
  (void)argv;
#ifndef pthread_create
  return ((int*)(&pthread_create))[argc];
#else
  (void)argc;
  return 0;
#endif
}

Determining if the function pthread_create exists in the pthreads failed with the following output:
Change Dir: /home/kk9/mine_sweepers/tutorial/catkin_ws/build/turtlebot_capabilities/CMakeFiles/CMakeTmp

Run Build Command:"/usr/bin/make" "cmTC_fbbef/fast"
/usr/bin/make -f CMakeFiles/cmTC_fbbef.dir/build.make CMakeFiles/cmTC_fbbef.dir/build
make[1]: Entering directory '/home/kk9/mine_sweepers/tutorial/catkin_ws/build/turtlebot_capabilities/CMakeFiles/CMakeTmp'
Building C object CMakeFiles/cmTC_fbbef.dir/CheckFunctionExists.c.o
/usr/bin/cc   -DCHECK_FUNCTION_EXISTS=pthread_create   -o CMakeFiles/cmTC_fbbef.dir/CheckFunctionExists.c.o   -c /usr/share/cmake-3.10/Modules/CheckFunctionExists.c
Linking C executable cmTC_fbbef
/usr/bin/cmake -E cmake_link_script CMakeFiles/cmTC_fbbef.dir/link.txt --verbose=1
/usr/bin/cc  -DCHECK_FUNCTION_EXISTS=pthread_create    -rdynamic CMakeFiles/cmTC_fbbef.dir/CheckFunctionExists.c.o  -o cmTC_fbbef -lpthreads 
/usr/bin/ld: cannot find -lpthreads
collect2: error: ld returned 1 exit status
CMakeFiles/cmTC_fbbef.dir/build.make:97: recipe for target 'cmTC_fbbef' failed
make[1]: *** [cmTC_fbbef] Error 1
make[1]: Leaving directory '/home/kk9/mine_sweepers/tutorial/catkin_ws/build/turtlebot_capabilities/CMakeFiles/CMakeTmp'
Makefile:126: recipe for target 'cmTC_fbbef/fast' failed
make: *** [cmTC_fbbef/fast] Error 2


